36770,73:aaab
1.1.156
D:\dev\tbrSoft Stock Cash artime dic 08\
03/08/2009*10:12:55 a.m.


36770,73 aaaa
36772,02 aaac
36772,05 aaad
36774,55 aaae.0
36774,68 aaag
36774,68 aaah.D:\dev\tbrSoft Stock Cash artime dic 08\dmbou.dv
36774,73 aaai
36774,82 aaaj
36774,82 aaak.Tipo Usuario
36774,82 aaal.Servidor
36774,82 aaam
36774,84 aaan
36774,85 aaas
36775,73 aaaw
76:No se ha encontrado la ruta de acceso
tbrStocknCash
LOAD INDEX


****SH****56343,64: aaab
1.1.157
D:\dev\tbrSyC\trunk\tbrSyC_1.2\


*****AL********
09/10/2009*03:39:45 p.m.


56343,34 aaaa
56348,28 aaac
56349,34 aaad
56355,03 aaae.0
56355,17 aaag
56385,47 aaah.D:\dev\tbrSyC\trunk\tbrSyC_1.2\dmbou.dv
56385,52 aaai
56385,59 aaaj
76:No se ha encontrado la ruta de acceso
tbrArbol
LOAD INDEX
*******




*****AL********
09/10/2009*03:39:45 p.m.


56343,34 aaaa
56348,28 aaac
56349,34 aaad
56355,03 aaae.0
56355,17 aaag
56385,47 aaah.D:\dev\tbrSyC\trunk\tbrSyC_1.2\dmbou.dv
56385,52 aaai
56385,59 aaaj
56385,59 aaak.
76:No se ha encontrado la ruta de acceso
tbrArbol
LOAD INDEX
*******




*****AL********
09/10/2009*03:39:45 p.m.


56343,34 aaaa
56348,28 aaac
56349,34 aaad
56355,03 aaae.0
56355,17 aaag
56385,47 aaah.D:\dev\tbrSyC\trunk\tbrSyC_1.2\dmbou.dv
56385,52 aaai
56385,59 aaaj
56385,59 aaak.
56385,59 aaal.Servidor
56385,59 aaam
76:No se ha encontrado la ruta de acceso
tbrArbol
LOAD INDEX
*******




*****AL********
09/10/2009*03:39:45 p.m.


56343,34 aaaa
56348,28 aaac
56349,34 aaad
56355,03 aaae.0
56355,17 aaag
56385,47 aaah.D:\dev\tbrSyC\trunk\tbrSyC_1.2\dmbou.dv
56385,52 aaai
56385,59 aaaj
56385,59 aaak.
56385,59 aaal.Servidor
56385,59 aaam
9:El subíndice está fuera del intervalo
tbrStocknCash
LOAD INDEX
*******




*****AL********
09/10/2009*03:39:45 p.m.


56343,34 aaaa
56348,28 aaac
56349,34 aaad
56355,03 aaae.0
56355,17 aaag
56385,47 aaah.D:\dev\tbrSyC\trunk\tbrSyC_1.2\dmbou.dv
56385,52 aaai
56385,59 aaaj
56385,59 aaak.
56385,59 aaal.Servidor
56385,59 aaam
9:El subíndice está fuera del intervalo
tbrStocknCash
LOAD INDEX
*******




*****AL********
09/10/2009*03:39:45 p.m.


56343,34 aaaa
56348,28 aaac
56349,34 aaad
56355,03 aaae.0
56355,17 aaag
56385,47 aaah.D:\dev\tbrSyC\trunk\tbrSyC_1.2\dmbou.dv
56385,52 aaai
56385,59 aaaj
56385,59 aaak.
56385,59 aaal.Servidor
56385,59 aaam
9:El subíndice está fuera del intervalo
tbrStocknCash
LOAD INDEX
*******




*****AL********
09/10/2009*03:39:45 p.m.


56343,34 aaaa
56348,28 aaac
56349,34 aaad
56355,03 aaae.0
56355,17 aaag
56385,47 aaah.D:\dev\tbrSyC\trunk\tbrSyC_1.2\dmbou.dv
56385,52 aaai
56385,59 aaaj
56385,59 aaak.
56385,59 aaal.Servidor
56385,59 aaam
9:El subíndice está fuera del intervalo
tbrStocknCash
LOAD INDEX
*******




*****AL********
09/10/2009*03:39:45 p.m.


56343,34 aaaa
56348,28 aaac
56349,34 aaad
56355,03 aaae.0
56355,17 aaag
56385,47 aaah.D:\dev\tbrSyC\trunk\tbrSyC_1.2\dmbou.dv
56385,52 aaai
56385,59 aaaj
56385,59 aaak.
56385,59 aaal.Servidor
56385,59 aaam
56385,63 aaan
9:El subíndice está fuera del intervalo
tbrStocknCash
LOAD INDEX
*******




*****AL********
09/10/2009*03:39:45 p.m.


56343,34 aaaa
56348,28 aaac
56349,34 aaad
56355,03 aaae.0
56355,17 aaag
56385,47 aaah.D:\dev\tbrSyC\trunk\tbrSyC_1.2\dmbou.dv
56385,52 aaai
56385,59 aaaj
56385,59 aaak.
56385,59 aaal.Servidor
56385,59 aaam
56385,63 aaan
9:El subíndice está fuera del intervalo
tbrStocknCash
LOAD INDEX
*******




*****AL********
09/10/2009*03:39:49 p.m.


56343,34 aaaa
56348,28 aaac
56349,34 aaad
56355,03 aaae.0
56355,17 aaag
56385,47 aaah.D:\dev\tbrSyC\trunk\tbrSyC_1.2\dmbou.dv
56385,52 aaai
56385,59 aaaj
56385,59 aaak.
56385,59 aaal.Servidor
56385,59 aaam
56385,63 aaan
56385,64 aaao
76:No se ha encontrado la ruta de acceso
tbrArbol
LOAD INDEX
*******




*****AL********
09/10/2009*03:39:50 p.m.


56343,34 aaaa
56348,28 aaac
56349,34 aaad
56355,03 aaae.0
56355,17 aaag
56385,47 aaah.D:\dev\tbrSyC\trunk\tbrSyC_1.2\dmbou.dv
56385,52 aaai
56385,59 aaaj
56385,59 aaak.
56385,59 aaal.Servidor
56385,59 aaam
56385,63 aaan
56385,64 aaao
56390,59 aaaw
76:No se ha encontrado la ruta de acceso
tbrStocknCash
LOAD INDEX
*******




*****AL********
09/10/2009*03:41:15 p.m.


56385,47 aaah.D:\dev\tbrSyC\trunk\tbrSyC_1.2\dmbou.dv
56385,52 aaai
56385,59 aaaj
56385,59 aaak.
56385,59 aaal.Servidor
56385,59 aaam
56385,63 aaan
56385,64 aaao
56390,59 aaaw
56390,59 aaax
56406,27 aaay
56406,27 abfm
56416,11 abcr.5.3
56420,78 abcr.5.0
56427,61 abfm
56429,59 abcr.5.3
56447,44 EstRes-001
56447,45 EstRes-002
56448,36 EstRes-003
56448,39 EstRes-004.1345
56448,56 EstRes-005.-3714,218
56448,64 EstRes-006.Ganancia Bruta: $ 74.238,63
56448,66 EstRes-007.$ 0,00
56448,66 EstRes-008.-3714,213
56448,66 EstRes-009
56453,91 abfm
56469,23 abcr.0.4
56475,08 abfh
fn029
76:No se ha encontrado la ruta de acceso
tbrArbol
*******




*****AL********
09/10/2009*03:41:15 p.m.


56385,47 aaah.D:\dev\tbrSyC\trunk\tbrSyC_1.2\dmbou.dv
56385,52 aaai
56385,59 aaaj
56385,59 aaak.
56385,59 aaal.Servidor
56385,59 aaam
56385,63 aaan
56385,64 aaao
56390,59 aaaw
56390,59 aaax
56406,27 aaay
56406,27 abfm
56416,11 abcr.5.3
56420,78 abcr.5.0
56427,61 abfm
56429,59 abcr.5.3
56447,44 EstRes-001
56447,45 EstRes-002
56448,36 EstRes-003
56448,39 EstRes-004.1345
56448,56 EstRes-005.-3714,218
56448,64 EstRes-006.Ganancia Bruta: $ 74.238,63
56448,66 EstRes-007.$ 0,00
56448,66 EstRes-008.-3714,213
56448,66 EstRes-009
56453,91 abfm
56469,23 abcr.0.4
56475,08 abfh
fn029
76:No se ha encontrado la ruta de acceso
tbrArbol
*******




*****AL********
09/10/2009*03:41:15 p.m.


56385,47 aaah.D:\dev\tbrSyC\trunk\tbrSyC_1.2\dmbou.dv
56385,52 aaai
56385,59 aaaj
56385,59 aaak.
56385,59 aaal.Servidor
56385,59 aaam
56385,63 aaan
56385,64 aaao
56390,59 aaaw
56390,59 aaax
56406,27 aaay
56406,27 abfm
56416,11 abcr.5.3
56420,78 abcr.5.0
56427,61 abfm
56429,59 abcr.5.3
56447,44 EstRes-001
56447,45 EstRes-002
56448,36 EstRes-003
56448,39 EstRes-004.1345
56448,56 EstRes-005.-3714,218
56448,64 EstRes-006.Ganancia Bruta: $ 74.238,63
56448,66 EstRes-007.$ 0,00
56448,66 EstRes-008.-3714,213
56448,66 EstRes-009
56453,91 abfm
56469,23 abcr.0.4
56475,08 abfh
fn029
76:No se ha encontrado la ruta de acceso
tbrArbol
*******




*****AL********
09/10/2009*03:41:15 p.m.


56385,47 aaah.D:\dev\tbrSyC\trunk\tbrSyC_1.2\dmbou.dv
56385,52 aaai
56385,59 aaaj
56385,59 aaak.
56385,59 aaal.Servidor
56385,59 aaam
56385,63 aaan
56385,64 aaao
56390,59 aaaw
56390,59 aaax
56406,27 aaay
56406,27 abfm
56416,11 abcr.5.3
56420,78 abcr.5.0
56427,61 abfm
56429,59 abcr.5.3
56447,44 EstRes-001
56447,45 EstRes-002
56448,36 EstRes-003
56448,39 EstRes-004.1345
56448,56 EstRes-005.-3714,218
56448,64 EstRes-006.Ganancia Bruta: $ 74.238,63
56448,66 EstRes-007.$ 0,00
56448,66 EstRes-008.-3714,213
56448,66 EstRes-009
56453,91 abfm
56469,23 abcr.0.4
56475,08 abfh
fn029
76:No se ha encontrado la ruta de acceso
tbrArbol
*******



****SH****69364,48: aaab
1.1.158
D:\dev\tbrSyC\trunk\tbrSyC_1.2\


*****AL********
22/03/2010*07:16:11 p.m.


69364,48 aaaa
69367,53 aaac
69368,22 aaad
69371,69 aaae.0
69371,75 aaag
69371,75 aaah.D:\dev\tbrSyC\trunk\tbrSyC_1.2\dmbou.dv
69371,83 aaai
429:El componente ActiveX no puede crear el objeto
tbrStocknCash
LOAD INDEX
*******




*****AL********
22/03/2010*07:16:11 p.m.


69364,48 aaaa
69367,53 aaac
69368,22 aaad
69371,69 aaae.0
69371,75 aaag
69371,75 aaah.D:\dev\tbrSyC\trunk\tbrSyC_1.2\dmbou.dv
69371,83 aaai
429:El componente ActiveX no puede crear el objeto
tbrStocknCash
LOAD INDEX
*******




*****AL********
22/03/2010*07:16:11 p.m.


69364,48 aaaa
69367,53 aaac
69368,22 aaad
69371,69 aaae.0
69371,75 aaag
69371,75 aaah.D:\dev\tbrSyC\trunk\tbrSyC_1.2\dmbou.dv
69371,83 aaai
429:El componente ActiveX no puede crear el objeto
tbrStocknCash
LOAD INDEX
*******




*****AL********
22/03/2010*07:16:12 p.m.


69364,48 aaaa
69367,53 aaac
69368,22 aaad
69371,69 aaae.0
69371,75 aaag
69371,75 aaah.D:\dev\tbrSyC\trunk\tbrSyC_1.2\dmbou.dv
69371,83 aaai
69371,88 aaaj
69371,88 aaak.Tipo Usuario
69371,88 aaal.Servidor
69371,88 aaam
69371,89 aaan
69371,89 aaas
69372,55 aaaw
76:No se ha encontrado la ruta de acceso
tbrStocknCash
LOAD INDEX
*******



****SH****70801,16: aaab
1.1.160
D:\dev\tbrSyC\trunk\tbrSyC_1.2\


*****AL********
22/03/2010*07:40:08 p.m.


70801,16 aaaa
70801,16 aaaa44
70801,16 aaaa45
70801,16 aaaa46
70801,19 aaaa47
70803,36 aaac
70803,38 aaad
70807,81 aaae.0
70807,84 aaag
70807,84 aaah.D:\dev\tbrSyC\trunk\tbrSyC_1.2\dmbou.dv
70807,86 aaai
70807,98 aaaj
70807,98 aaak.Tipo Usuario
70807,98 aaal.Servidor
70807,98 aaam
70807,98 aaan
70807,98 aaas
70808,64 aaaw
76:No se ha encontrado la ruta de acceso
tbrStocknCash
LOAD INDEX
*******



****SH****73041,08: aaab
1.2.1
D:\dev\tbrSyC\trunk\tbrSyC_1.2\


*****AL********
22/03/2010*08:17:28 p.m.


73041,08 aaaa
73041,08 aaaa44
73041,09 aaaa45
73041,09 aaaa46
73041,09 aaaa47
73043,95 aaac
73044,38 aaad
73047,81 aaae.0
73047,88 aaag
73047,88 aaah.D:\dev\tbrSyC\trunk\tbrSyC_1.2\dmbou.dv
73047,94 aaai
73047,95 aaai44
73048 aaaj
73048 aaak.Tipo Usuario
73048 aaal.Servidor
73048 aaam
73048,02 aaan
73048,02 aaas
73048,67 aaaw
76:No se ha encontrado la ruta de acceso
tbrStocknCash
LOAD INDEX
*******



****SH****61031,77: aaab
1.2.0
E:\dev\tbrSyC\trunk\tbrSyC_1.2\


*****AL********
23/04/2019*04:57:11 p.m.


61031,76 aaaa
61031,76 aaaa44
61031,79 aaaa45
61031,79 aaaa46
61031,8 aaaa47
430:Esta clase no admite Automatización o la interfaz esperada
tbrStocknCash
LOAD INDEX
*******




*****AL********
23/04/2019*04:57:11 p.m.


61031,76 aaaa
61031,76 aaaa44
61031,79 aaaa45
61031,79 aaaa46
61031,8 aaaa47
61031,82 aaac
429:El componente ActiveX no puede crear el objeto
tbrErrores
LOAD INDEX
*******




*****AL********
23/04/2019*04:57:11 p.m.


61031,76 aaaa
61031,76 aaaa44
61031,79 aaaa45
61031,79 aaaa46
61031,8 aaaa47
61031,82 aaac
429:El componente ActiveX no puede crear el objeto
tbrErrores
LOAD INDEX
*******




*****AL********
23/04/2019*04:57:11 p.m.


61031,76 aaaa
61031,76 aaaa44
61031,79 aaaa45
61031,79 aaaa46
61031,8 aaaa47
61031,82 aaac
61031,82 aaad
429:El componente ActiveX no puede crear el objeto
tbrErrores
LOAD INDEX
*******




*****AL********
23/04/2019*04:57:11 p.m.


61031,76 aaaa
61031,76 aaaa44
61031,79 aaaa45
61031,79 aaaa46
61031,8 aaaa47
61031,82 aaac
61031,82 aaad
61031,82 aaae.0
429:El componente ActiveX no puede crear el objeto
tbrErrores
LOAD INDEX
*******




*****AL********
23/04/2019*04:57:11 p.m.


61031,76 aaaa
61031,76 aaaa44
61031,79 aaaa45
61031,79 aaaa46
61031,8 aaaa47
61031,82 aaac
61031,82 aaad
61031,82 aaae.0
429:El componente ActiveX no puede crear el objeto
tbrErrores
LOAD INDEX
*******




*****AL********
23/04/2019*04:57:11 p.m.


61031,76 aaaa
61031,76 aaaa44
61031,79 aaaa45
61031,79 aaaa46
61031,8 aaaa47
61031,82 aaac
61031,82 aaad
61031,82 aaae.0
429:El componente ActiveX no puede crear el objeto
tbrErrores
LOAD INDEX
*******




*****AL********
23/04/2019*04:57:11 p.m.


61031,76 aaaa
61031,76 aaaa44
61031,79 aaaa45
61031,79 aaaa46
61031,8 aaaa47
61031,82 aaac
61031,82 aaad
61031,82 aaae.0
429:El componente ActiveX no puede crear el objeto
tbrErrores
LOAD INDEX
*******




*****AL********
23/04/2019*04:57:11 p.m.


61031,76 aaaa
61031,76 aaaa44
61031,79 aaaa45
61031,79 aaaa46
61031,8 aaaa47
61031,82 aaac
61031,82 aaad
61031,82 aaae.0
429:El componente ActiveX no puede crear el objeto
tbrErrores
LOAD INDEX
*******




*****AL********
23/04/2019*04:57:11 p.m.


61031,76 aaaa
61031,76 aaaa44
61031,79 aaaa45
61031,79 aaaa46
61031,8 aaaa47
61031,82 aaac
61031,82 aaad
61031,82 aaae.0
429:El componente ActiveX no puede crear el objeto
tbrErrores
LOAD INDEX
*******




*****AL********
23/04/2019*04:57:11 p.m.


61031,76 aaaa
61031,76 aaaa44
61031,79 aaaa45
61031,79 aaaa46
61031,8 aaaa47
61031,82 aaac
61031,82 aaad
61031,82 aaae.0
429:El componente ActiveX no puede crear el objeto
tbrErrores
LOAD INDEX
*******




*****AL********
23/04/2019*04:57:11 p.m.


61031,76 aaaa
61031,76 aaaa44
61031,79 aaaa45
61031,79 aaaa46
61031,8 aaaa47
61031,82 aaac
61031,82 aaad
61031,82 aaae.0
429:El componente ActiveX no puede crear el objeto
tbrErrores
LOAD INDEX
*******




*****AL********
23/04/2019*04:57:11 p.m.


61031,76 aaaa
61031,76 aaaa44
61031,79 aaaa45
61031,79 aaaa46
61031,8 aaaa47
61031,82 aaac
61031,82 aaad
61031,82 aaae.0
429:El componente ActiveX no puede crear el objeto
tbrErrores
LOAD INDEX
*******




*****AL********
23/04/2019*04:57:11 p.m.


61031,76 aaaa
61031,76 aaaa44
61031,79 aaaa45
61031,79 aaaa46
61031,8 aaaa47
61031,82 aaac
61031,82 aaad
61031,82 aaae.0
429:El componente ActiveX no puede crear el objeto
tbrErrores
LOAD INDEX
*******




*****AL********
23/04/2019*04:57:11 p.m.


61031,76 aaaa
61031,76 aaaa44
61031,79 aaaa45
61031,79 aaaa46
61031,8 aaaa47
61031,82 aaac
61031,82 aaad
61031,82 aaae.0
429:El componente ActiveX no puede crear el objeto
tbrErrores
LOAD INDEX
*******




*****AL********
23/04/2019*04:57:11 p.m.


61031,76 aaaa
61031,76 aaaa44
61031,79 aaaa45
61031,79 aaaa46
61031,8 aaaa47
61031,82 aaac
61031,82 aaad
61031,82 aaae.0
429:El componente ActiveX no puede crear el objeto
tbrErrores
LOAD INDEX
*******




*****AL********
23/04/2019*04:57:11 p.m.


61031,76 aaaa
61031,76 aaaa44
61031,79 aaaa45
61031,79 aaaa46
61031,8 aaaa47
61031,82 aaac
61031,82 aaad
61031,82 aaae.0
429:El componente ActiveX no puede crear el objeto
tbrErrores
LOAD INDEX
*******




*****AL********
23/04/2019*04:57:11 p.m.


61031,76 aaaa
61031,76 aaaa44
61031,79 aaaa45
61031,79 aaaa46
61031,8 aaaa47
61031,82 aaac
61031,82 aaad
61031,82 aaae.0
429:El componente ActiveX no puede crear el objeto
tbrErrores
LOAD INDEX
*******




*****AL********
23/04/2019*04:57:11 p.m.


61031,76 aaaa
61031,76 aaaa44
61031,79 aaaa45
61031,79 aaaa46
61031,8 aaaa47
61031,82 aaac
61031,82 aaad
61031,82 aaae.0
429:El componente ActiveX no puede crear el objeto
tbrErrores
LOAD INDEX
*******




*****AL********
23/04/2019*04:57:11 p.m.


61031,76 aaaa
61031,76 aaaa44
61031,79 aaaa45
61031,79 aaaa46
61031,8 aaaa47
61031,82 aaac
61031,82 aaad
61031,82 aaae.0
429:El componente ActiveX no puede crear el objeto
tbrErrores
LOAD INDEX
*******




*****AL********
23/04/2019*04:57:11 p.m.


61031,76 aaaa
61031,76 aaaa44
61031,79 aaaa45
61031,79 aaaa46
61031,8 aaaa47
61031,82 aaac
61031,82 aaad
61031,82 aaae.0
429:El componente ActiveX no puede crear el objeto
tbrErrores
LOAD INDEX
*******




*****AL********
23/04/2019*04:57:11 p.m.


61031,76 aaaa
61031,76 aaaa44
61031,79 aaaa45
61031,79 aaaa46
61031,8 aaaa47
61031,82 aaac
61031,82 aaad
61031,82 aaae.0
429:El componente ActiveX no puede crear el objeto
tbrErrores
LOAD INDEX
*******




*****AL********
23/04/2019*04:57:11 p.m.


61031,76 aaaa
61031,76 aaaa44
61031,79 aaaa45
61031,79 aaaa46
61031,8 aaaa47
61031,82 aaac
61031,82 aaad
61031,82 aaae.0
429:El componente ActiveX no puede crear el objeto
tbrErrores
LOAD INDEX
*******




*****AL********
23/04/2019*04:57:11 p.m.


61031,76 aaaa
61031,76 aaaa44
61031,79 aaaa45
61031,79 aaaa46
61031,8 aaaa47
61031,82 aaac
61031,82 aaad
61031,82 aaae.0
429:El componente ActiveX no puede crear el objeto
tbrErrores
LOAD INDEX
*******




*****AL********
23/04/2019*04:57:11 p.m.


61031,76 aaaa
61031,76 aaaa44
61031,79 aaaa45
61031,79 aaaa46
61031,8 aaaa47
61031,82 aaac
61031,82 aaad
61031,82 aaae.0
429:El componente ActiveX no puede crear el objeto
tbrErrores
LOAD INDEX
*******




*****AL********
23/04/2019*04:57:11 p.m.


61031,76 aaaa
61031,76 aaaa44
61031,79 aaaa45
61031,79 aaaa46
61031,8 aaaa47
61031,82 aaac
61031,82 aaad
61031,82 aaae.0
429:El componente ActiveX no puede crear el objeto
tbrErrores
LOAD INDEX
*******




*****AL********
23/04/2019*04:57:11 p.m.


61031,76 aaaa
61031,76 aaaa44
61031,79 aaaa45
61031,79 aaaa46
61031,8 aaaa47
61031,82 aaac
61031,82 aaad
61031,82 aaae.0
429:El componente ActiveX no puede crear el objeto
tbrErrores
LOAD INDEX
*******




*****AL********
23/04/2019*04:57:11 p.m.


61031,76 aaaa
61031,76 aaaa44
61031,79 aaaa45
61031,79 aaaa46
61031,8 aaaa47
61031,82 aaac
61031,82 aaad
61031,82 aaae.0
429:El componente ActiveX no puede crear el objeto
tbrErrores
LOAD INDEX
*******




*****AL********
23/04/2019*04:57:11 p.m.


61031,76 aaaa
61031,76 aaaa44
61031,79 aaaa45
61031,79 aaaa46
61031,8 aaaa47
61031,82 aaac
61031,82 aaad
61031,82 aaae.0
429:El componente ActiveX no puede crear el objeto
tbrErrores
LOAD INDEX
*******




*****AL********
23/04/2019*04:57:11 p.m.


61031,76 aaaa
61031,76 aaaa44
61031,79 aaaa45
61031,79 aaaa46
61031,8 aaaa47
61031,82 aaac
61031,82 aaad
61031,82 aaae.0
429:El componente ActiveX no puede crear el objeto
tbrErrores
LOAD INDEX
*******




*****AL********
23/04/2019*04:57:11 p.m.


61031,76 aaaa
61031,76 aaaa44
61031,79 aaaa45
61031,79 aaaa46
61031,8 aaaa47
61031,82 aaac
61031,82 aaad
61031,82 aaae.0
429:El componente ActiveX no puede crear el objeto
tbrErrores
LOAD INDEX
*******




*****AL********
23/04/2019*04:57:11 p.m.


61031,76 aaaa
61031,76 aaaa44
61031,79 aaaa45
61031,79 aaaa46
61031,8 aaaa47
61031,82 aaac
61031,82 aaad
61031,82 aaae.0
429:El componente ActiveX no puede crear el objeto
tbrErrores
LOAD INDEX
*******




*****AL********
23/04/2019*04:57:11 p.m.


61031,76 aaaa
61031,76 aaaa44
61031,79 aaaa45
61031,79 aaaa46
61031,8 aaaa47
61031,82 aaac
61031,82 aaad
61031,82 aaae.0
429:El componente ActiveX no puede crear el objeto
tbrErrores
LOAD INDEX
*******




*****AL********
23/04/2019*04:57:11 p.m.


61031,76 aaaa
61031,76 aaaa44
61031,79 aaaa45
61031,79 aaaa46
61031,8 aaaa47
61031,82 aaac
61031,82 aaad
61031,82 aaae.0
429:El componente ActiveX no puede crear el objeto
tbrErrores
LOAD INDEX
*******




*****AL********
23/04/2019*04:57:11 p.m.


61031,76 aaaa
61031,76 aaaa44
61031,79 aaaa45
61031,79 aaaa46
61031,8 aaaa47
61031,82 aaac
61031,82 aaad
61031,82 aaae.0
429:El componente ActiveX no puede crear el objeto
tbrErrores
LOAD INDEX
*******




*****AL********
23/04/2019*04:57:11 p.m.


61031,76 aaaa
61031,76 aaaa44
61031,79 aaaa45
61031,79 aaaa46
61031,8 aaaa47
61031,82 aaac
61031,82 aaad
61031,82 aaae.0
429:El componente ActiveX no puede crear el objeto
tbrErrores
LOAD INDEX
*******




*****AL********
23/04/2019*04:57:11 p.m.


61031,76 aaaa
61031,76 aaaa44
61031,79 aaaa45
61031,79 aaaa46
61031,8 aaaa47
61031,82 aaac
61031,82 aaad
61031,82 aaae.0
429:El componente ActiveX no puede crear el objeto
tbrErrores
LOAD INDEX
*******




*****AL********
23/04/2019*04:57:11 p.m.


61031,76 aaaa
61031,76 aaaa44
61031,79 aaaa45
61031,79 aaaa46
61031,8 aaaa47
61031,82 aaac
61031,82 aaad
61031,82 aaae.0
429:El componente ActiveX no puede crear el objeto
tbrErrores
LOAD INDEX
*******




*****AL********
23/04/2019*04:57:11 p.m.


61031,76 aaaa
61031,76 aaaa44
61031,79 aaaa45
61031,79 aaaa46
61031,8 aaaa47
61031,82 aaac
61031,82 aaad
61031,82 aaae.0
429:El componente ActiveX no puede crear el objeto
tbrErrores
LOAD INDEX
*******




*****AL********
23/04/2019*04:57:11 p.m.


61031,76 aaaa
61031,76 aaaa44
61031,79 aaaa45
61031,79 aaaa46
61031,8 aaaa47
61031,82 aaac
61031,82 aaad
61031,82 aaae.0
429:El componente ActiveX no puede crear el objeto
tbrErrores
LOAD INDEX
*******




*****AL********
23/04/2019*04:57:11 p.m.


61031,76 aaaa
61031,76 aaaa44
61031,79 aaaa45
61031,79 aaaa46
61031,8 aaaa47
61031,82 aaac
61031,82 aaad
61031,82 aaae.0
61031,84 aaag
429:El componente ActiveX no puede crear el objeto
tbrErrores
LOAD INDEX
*******




*****AL********
23/04/2019*04:57:11 p.m.


61031,76 aaaa
61031,76 aaaa44
61031,79 aaaa45
61031,79 aaaa46
61031,8 aaaa47
61031,82 aaac
61031,82 aaad
61031,82 aaae.0
61031,84 aaag
429:El componente ActiveX no puede crear el objeto
tbrErrores
LOAD INDEX
*******




*****AL********
23/04/2019*04:57:11 p.m.


61031,76 aaaa
61031,76 aaaa44
61031,79 aaaa45
61031,79 aaaa46
61031,8 aaaa47
61031,82 aaac
61031,82 aaad
61031,82 aaae.0
61031,84 aaag
61031,84 aaah.
429:El componente ActiveX no puede crear el objeto
tbrErrores
LOAD INDEX
*******




*****AL********
23/04/2019*04:57:11 p.m.


61031,76 aaaa
61031,76 aaaa44
61031,79 aaaa45
61031,79 aaaa46
61031,8 aaaa47
61031,82 aaac
61031,82 aaad
61031,82 aaae.0
61031,84 aaag
61031,84 aaah.
61031,84 aaai
429:El componente ActiveX no puede crear el objeto
tbrErrores
LOAD INDEX
*******




*****AL********
23/04/2019*04:57:11 p.m.


61031,76 aaaa
61031,76 aaaa44
61031,79 aaaa45
61031,79 aaaa46
61031,8 aaaa47
61031,82 aaac
61031,82 aaad
61031,82 aaae.0
61031,84 aaag
61031,84 aaah.
61031,84 aaai
429:El componente ActiveX no puede crear el objeto
tbrErrores
LOAD INDEX
*******




*****AL********
23/04/2019*04:57:11 p.m.


61031,76 aaaa
61031,76 aaaa44
61031,79 aaaa45
61031,79 aaaa46
61031,8 aaaa47
61031,82 aaac
61031,82 aaad
61031,82 aaae.0
61031,84 aaag
61031,84 aaah.
61031,84 aaai
61031,84 aaai44
429:El componente ActiveX no puede crear el objeto
tbrErrores
LOAD INDEX
*******




*****AL********
23/04/2019*04:57:11 p.m.


61031,76 aaaa
61031,76 aaaa44
61031,79 aaaa45
61031,79 aaaa46
61031,8 aaaa47
61031,82 aaac
61031,82 aaad
61031,82 aaae.0
61031,84 aaag
61031,84 aaah.
61031,84 aaai
61031,84 aaai44
61031,84 aaaj
429:El componente ActiveX no puede crear el objeto
tbrErrores
LOAD INDEX
*******




*****AL********
23/04/2019*04:57:11 p.m.


61031,76 aaaa
61031,76 aaaa44
61031,79 aaaa45
61031,79 aaaa46
61031,8 aaaa47
61031,82 aaac
61031,82 aaad
61031,82 aaae.0
61031,84 aaag
61031,84 aaah.
61031,84 aaai
61031,84 aaai44
61031,84 aaaj
61031,84 aaak.
429:El componente ActiveX no puede crear el objeto
tbrErrores
LOAD INDEX
*******




*****AL********
23/04/2019*04:57:11 p.m.


61031,76 aaaa
61031,76 aaaa44
61031,79 aaaa45
61031,79 aaaa46
61031,8 aaaa47
61031,82 aaac
61031,82 aaad
61031,82 aaae.0
61031,84 aaag
61031,84 aaah.
61031,84 aaai
61031,84 aaai44
61031,84 aaaj
61031,84 aaak.
61031,84 aaal.Servidor
61031,84 aaam
429:El componente ActiveX no puede crear el objeto
tbrErrores
LOAD INDEX
*******




*****AL********
23/04/2019*04:57:11 p.m.


61031,76 aaaa
61031,76 aaaa44
61031,79 aaaa45
61031,79 aaaa46
61031,8 aaaa47
61031,82 aaac
61031,82 aaad
61031,82 aaae.0
61031,84 aaag
61031,84 aaah.
61031,84 aaai
61031,84 aaai44
61031,84 aaaj
61031,84 aaak.
61031,84 aaal.Servidor
61031,84 aaam
9:El subíndice está fuera del intervalo
tbrStocknCash
LOAD INDEX
*******




*****AL********
23/04/2019*04:57:11 p.m.


61031,76 aaaa
61031,76 aaaa44
61031,79 aaaa45
61031,79 aaaa46
61031,8 aaaa47
61031,82 aaac
61031,82 aaad
61031,82 aaae.0
61031,84 aaag
61031,84 aaah.
61031,84 aaai
61031,84 aaai44
61031,84 aaaj
61031,84 aaak.
61031,84 aaal.Servidor
61031,84 aaam
9:El subíndice está fuera del intervalo
tbrStocknCash
LOAD INDEX
*******




*****AL********
23/04/2019*04:57:11 p.m.


61031,76 aaaa
61031,76 aaaa44
61031,79 aaaa45
61031,79 aaaa46
61031,8 aaaa47
61031,82 aaac
61031,82 aaad
61031,82 aaae.0
61031,84 aaag
61031,84 aaah.
61031,84 aaai
61031,84 aaai44
61031,84 aaaj
61031,84 aaak.
61031,84 aaal.Servidor
61031,84 aaam
9:El subíndice está fuera del intervalo
tbrStocknCash
LOAD INDEX
*******




*****AL********
23/04/2019*04:57:11 p.m.


61031,76 aaaa
61031,76 aaaa44
61031,79 aaaa45
61031,79 aaaa46
61031,8 aaaa47
61031,82 aaac
61031,82 aaad
61031,82 aaae.0
61031,84 aaag
61031,84 aaah.
61031,84 aaai
61031,84 aaai44
61031,84 aaaj
61031,84 aaak.
61031,84 aaal.Servidor
61031,84 aaam
9:El subíndice está fuera del intervalo
tbrStocknCash
LOAD INDEX
*******




*****AL********
23/04/2019*04:57:11 p.m.


61031,76 aaaa
61031,76 aaaa44
61031,79 aaaa45
61031,79 aaaa46
61031,8 aaaa47
61031,82 aaac
61031,82 aaad
61031,82 aaae.0
61031,84 aaag
61031,84 aaah.
61031,84 aaai
61031,84 aaai44
61031,84 aaaj
61031,84 aaak.
61031,84 aaal.Servidor
61031,84 aaam
61031,85 aaan
9:El subíndice está fuera del intervalo
tbrStocknCash
LOAD INDEX
*******




*****AL********
23/04/2019*04:57:11 p.m.


61031,76 aaaa
61031,76 aaaa44
61031,79 aaaa45
61031,79 aaaa46
61031,8 aaaa47
61031,82 aaac
61031,82 aaad
61031,82 aaae.0
61031,84 aaag
61031,84 aaah.
61031,84 aaai
61031,84 aaai44
61031,84 aaaj
61031,84 aaak.
61031,84 aaal.Servidor
61031,84 aaam
61031,85 aaan
9:El subíndice está fuera del intervalo
tbrStocknCash
LOAD INDEX
*******




*****AL********
23/04/2019*04:57:18 p.m.


61031,76 aaaa
61031,76 aaaa44
61031,79 aaaa45
61031,79 aaaa46
61031,8 aaaa47
61031,82 aaac
61031,82 aaad
61031,82 aaae.0
61031,84 aaag
61031,84 aaah.
61031,84 aaai
61031,84 aaai44
61031,84 aaaj
61031,84 aaak.
61031,84 aaal.Servidor
61031,84 aaam
61031,85 aaan
61031,85 aaao
429:El componente ActiveX no puede crear el objeto
tbrErrores
LOAD INDEX
*******




*****AL********
23/04/2019*04:57:19 p.m.


61031,76 aaaa
61031,76 aaaa44
61031,79 aaaa45
61031,79 aaaa46
61031,8 aaaa47
61031,82 aaac
61031,82 aaad
61031,82 aaae.0
61031,84 aaag
61031,84 aaah.
61031,84 aaai
61031,84 aaai44
61031,84 aaaj
61031,84 aaak.
61031,84 aaal.Servidor
61031,84 aaam
61031,85 aaan
61031,85 aaao
61039,7 aaaw
429:El componente ActiveX no puede crear el objeto
tbrErrores
LOAD INDEX
*******




*****AL********
23/04/2019*04:57:19 p.m.


61031,76 aaaa
61031,76 aaaa44
61031,79 aaaa45
61031,79 aaaa46
61031,8 aaaa47
61031,82 aaac
61031,82 aaad
61031,82 aaae.0
61031,84 aaag
61031,84 aaah.
61031,84 aaai
61031,84 aaai44
61031,84 aaaj
61031,84 aaak.
61031,84 aaal.Servidor
61031,84 aaam
61031,85 aaan
61031,85 aaao
61039,7 aaaw
429:El componente ActiveX no puede crear el objeto
tbrErrores
LOAD INDEX
*******


